2025-09-30 11:48:36,296 - INFO - Loaded file: C:\Users\davro\OneDrive\Desktop\git_project\Data\Raw_Data\ASerie\metadata_serie_a_1415.csv
2025-09-30 11:48:36,296 - INFO - Loaded file: C:\Users\davro\OneDrive\Desktop\git_project\Data\Raw_Data\ASerie\metadata_serie_a_1516.csv
2025-09-30 11:48:36,308 - INFO - Loaded file: C:\Users\davro\OneDrive\Desktop\git_project\Data\Raw_Data\ASerie\metadata_serie_a_1617.csv
2025-09-30 11:48:36,312 - INFO - Loaded file: C:\Users\davro\OneDrive\Desktop\git_project\Data\Raw_Data\ASerie\metadata_serie_a_1718.csv
2025-09-30 11:48:36,316 - INFO - Loaded file: C:\Users\davro\OneDrive\Desktop\git_project\Data\Raw_Data\ASerie\metadata_serie_a_1819.csv
2025-09-30 11:48:36,318 - INFO - Loaded file: C:\Users\davro\OneDrive\Desktop\git_project\Data\Raw_Data\ASerie\metadata_serie_a_1920.csv
2025-09-30 11:48:36,324 - INFO - Loaded file: C:\Users\davro\OneDrive\Desktop\git_project\Data\Raw_Data\ASerie\metadata_serie_a_2021.csv
2025-09-30 11:48:36,327 - INFO - Loaded file: C:\Users\davro\OneDrive\Desktop\git_project\Data\Raw_Data\ASerie\metadata_serie_a_2122.csv
2025-09-30 11:48:36,329 - INFO - Loaded file: C:\Users\davro\OneDrive\Desktop\git_project\Data\Raw_Data\BundesLiga\metadata_bundesliga_1415.csv
2025-09-30 11:48:36,331 - INFO - Loaded file: C:\Users\davro\OneDrive\Desktop\git_project\Data\Raw_Data\BundesLiga\metadata_bundesliga_1516.csv
2025-09-30 11:48:36,334 - INFO - Loaded file: C:\Users\davro\OneDrive\Desktop\git_project\Data\Raw_Data\BundesLiga\metadata_bundesliga_1617.csv
2025-09-30 11:48:36,337 - INFO - Loaded file: C:\Users\davro\OneDrive\Desktop\git_project\Data\Raw_Data\BundesLiga\metadata_bundesliga_1718.csv
2025-09-30 11:48:36,340 - INFO - Loaded file: C:\Users\davro\OneDrive\Desktop\git_project\Data\Raw_Data\BundesLiga\metadata_bundesliga_1819.csv
2025-09-30 11:48:36,344 - INFO - Loaded file: C:\Users\davro\OneDrive\Desktop\git_project\Data\Raw_Data\BundesLiga\metadata_bundesliga_1920.csv
2025-09-30 11:48:36,347 - INFO - Loaded file: C:\Users\davro\OneDrive\Desktop\git_project\Data\Raw_Data\BundesLiga\metadata_bundesliga_2021.csv
2025-09-30 11:48:36,350 - INFO - Loaded file: C:\Users\davro\OneDrive\Desktop\git_project\Data\Raw_Data\BundesLiga\metadata_bundesliga_2122.csv
2025-09-30 11:48:36,353 - INFO - Loaded file: C:\Users\davro\OneDrive\Desktop\git_project\Data\Raw_Data\LaLiga\metadata_laliga_1415.csv
2025-09-30 11:48:36,356 - INFO - Loaded file: C:\Users\davro\OneDrive\Desktop\git_project\Data\Raw_Data\LaLiga\metadata_laliga_1516.csv
2025-09-30 11:48:36,360 - INFO - Loaded file: C:\Users\davro\OneDrive\Desktop\git_project\Data\Raw_Data\LaLiga\metadata_laliga_1617.csv
2025-09-30 11:48:36,363 - INFO - Loaded file: C:\Users\davro\OneDrive\Desktop\git_project\Data\Raw_Data\LaLiga\metadata_laliga_1718.csv
2025-09-30 11:48:36,368 - INFO - Loaded file: C:\Users\davro\OneDrive\Desktop\git_project\Data\Raw_Data\LaLiga\metadata_laliga_1819.csv
2025-09-30 11:48:36,372 - INFO - Loaded file: C:\Users\davro\OneDrive\Desktop\git_project\Data\Raw_Data\LaLiga\metadata_laliga_1920.csv
2025-09-30 11:48:36,373 - INFO - Loaded file: C:\Users\davro\OneDrive\Desktop\git_project\Data\Raw_Data\LaLiga\metadata_laliga_2021.csv
2025-09-30 11:48:36,378 - INFO - Loaded file: C:\Users\davro\OneDrive\Desktop\git_project\Data\Raw_Data\LaLiga\metadata_laliga_2122.csv
2025-09-30 11:48:36,380 - INFO - Loaded file: C:\Users\davro\OneDrive\Desktop\git_project\Data\Raw_Data\League1\metadata_ligue1_1415_.csv
2025-09-30 11:48:36,380 - INFO - Loaded file: C:\Users\davro\OneDrive\Desktop\git_project\Data\Raw_Data\League1\metadata_ligue1_1516.csv
2025-09-30 11:48:36,389 - INFO - Loaded file: C:\Users\davro\OneDrive\Desktop\git_project\Data\Raw_Data\League1\metadata_ligue1_1617.csv
2025-09-30 11:48:36,393 - INFO - Loaded file: C:\Users\davro\OneDrive\Desktop\git_project\Data\Raw_Data\League1\metadata_ligue1_1718.csv
2025-09-30 11:48:36,396 - INFO - Loaded file: C:\Users\davro\OneDrive\Desktop\git_project\Data\Raw_Data\League1\metadata_ligue1_1819.csv
2025-09-30 11:48:36,399 - INFO - Loaded file: C:\Users\davro\OneDrive\Desktop\git_project\Data\Raw_Data\League1\metadata_ligue1_1920.csv
2025-09-30 11:48:36,402 - INFO - Loaded file: C:\Users\davro\OneDrive\Desktop\git_project\Data\Raw_Data\League1\metadata_ligue1_2021.csv
2025-09-30 11:48:36,405 - INFO - Loaded file: C:\Users\davro\OneDrive\Desktop\git_project\Data\Raw_Data\League1\metadata_ligue1_2122.csv
2025-09-30 11:48:36,409 - INFO - Loaded file: C:\Users\davro\OneDrive\Desktop\git_project\Data\Raw_Data\PremierLeague\metadata_premier_league_1415.csv
2025-09-30 11:48:36,411 - INFO - Loaded file: C:\Users\davro\OneDrive\Desktop\git_project\Data\Raw_Data\PremierLeague\metadata_premier_league_1516.csv
2025-09-30 11:48:36,411 - INFO - Loaded file: C:\Users\davro\OneDrive\Desktop\git_project\Data\Raw_Data\PremierLeague\metadata_premier_league_1617.csv
2025-09-30 11:48:36,419 - INFO - Loaded file: C:\Users\davro\OneDrive\Desktop\git_project\Data\Raw_Data\PremierLeague\metadata_premier_league_1718.csv
2025-09-30 11:48:36,423 - INFO - Loaded file: C:\Users\davro\OneDrive\Desktop\git_project\Data\Raw_Data\PremierLeague\metadata_premier_league_1819.csv
2025-09-30 11:48:36,425 - INFO - Loaded file: C:\Users\davro\OneDrive\Desktop\git_project\Data\Raw_Data\PremierLeague\metadata_premier_league_1920.csv
2025-09-30 11:48:36,429 - INFO - Loaded file: C:\Users\davro\OneDrive\Desktop\git_project\Data\Raw_Data\PremierLeague\metadata_premier_league_2021.csv
2025-09-30 11:48:36,441 - INFO - Loaded file: C:\Users\davro\OneDrive\Desktop\git_project\Data\Raw_Data\PremierLeague\metadata_premier_league_2122.csv
2025-09-30 11:48:36,448 - INFO - Data loaded successfully. Shape: (20926, 20)
2025-09-30 11:48:36,449 - INFO - Datasets loaded successfully. Shape: (20926, 20)
2025-09-30 11:50:45,381 - INFO - Loaded file: C:\Users\davro\OneDrive\Desktop\git_project\Data\Raw_Data\ASerie\metadata_serie_a_1415.csv
2025-09-30 11:50:45,384 - INFO - Loaded file: C:\Users\davro\OneDrive\Desktop\git_project\Data\Raw_Data\ASerie\metadata_serie_a_1516.csv
2025-09-30 11:50:45,386 - INFO - Loaded file: C:\Users\davro\OneDrive\Desktop\git_project\Data\Raw_Data\ASerie\metadata_serie_a_1617.csv
2025-09-30 11:50:45,391 - INFO - Loaded file: C:\Users\davro\OneDrive\Desktop\git_project\Data\Raw_Data\ASerie\metadata_serie_a_1718.csv
2025-09-30 11:50:45,396 - INFO - Loaded file: C:\Users\davro\OneDrive\Desktop\git_project\Data\Raw_Data\ASerie\metadata_serie_a_1819.csv
2025-09-30 11:50:45,399 - INFO - Loaded file: C:\Users\davro\OneDrive\Desktop\git_project\Data\Raw_Data\ASerie\metadata_serie_a_1920.csv
2025-09-30 11:50:45,402 - INFO - Loaded file: C:\Users\davro\OneDrive\Desktop\git_project\Data\Raw_Data\ASerie\metadata_serie_a_2021.csv
2025-09-30 11:50:45,405 - INFO - Loaded file: C:\Users\davro\OneDrive\Desktop\git_project\Data\Raw_Data\ASerie\metadata_serie_a_2122.csv
2025-09-30 11:50:45,409 - INFO - Loaded file: C:\Users\davro\OneDrive\Desktop\git_project\Data\Raw_Data\BundesLiga\metadata_bundesliga_1415.csv
2025-09-30 11:50:45,413 - INFO - Loaded file: C:\Users\davro\OneDrive\Desktop\git_project\Data\Raw_Data\BundesLiga\metadata_bundesliga_1516.csv
2025-09-30 11:50:45,417 - INFO - Loaded file: C:\Users\davro\OneDrive\Desktop\git_project\Data\Raw_Data\BundesLiga\metadata_bundesliga_1617.csv
2025-09-30 11:50:45,420 - INFO - Loaded file: C:\Users\davro\OneDrive\Desktop\git_project\Data\Raw_Data\BundesLiga\metadata_bundesliga_1718.csv
2025-09-30 11:50:45,422 - INFO - Loaded file: C:\Users\davro\OneDrive\Desktop\git_project\Data\Raw_Data\BundesLiga\metadata_bundesliga_1819.csv
2025-09-30 11:50:45,426 - INFO - Loaded file: C:\Users\davro\OneDrive\Desktop\git_project\Data\Raw_Data\BundesLiga\metadata_bundesliga_1920.csv
2025-09-30 11:50:45,430 - INFO - Loaded file: C:\Users\davro\OneDrive\Desktop\git_project\Data\Raw_Data\BundesLiga\metadata_bundesliga_2021.csv
2025-09-30 11:50:45,433 - INFO - Loaded file: C:\Users\davro\OneDrive\Desktop\git_project\Data\Raw_Data\BundesLiga\metadata_bundesliga_2122.csv
2025-09-30 11:50:45,437 - INFO - Loaded file: C:\Users\davro\OneDrive\Desktop\git_project\Data\Raw_Data\LaLiga\metadata_laliga_1415.csv
2025-09-30 11:50:45,455 - INFO - Loaded file: C:\Users\davro\OneDrive\Desktop\git_project\Data\Raw_Data\LaLiga\metadata_laliga_1516.csv
2025-09-30 11:50:45,463 - INFO - Loaded file: C:\Users\davro\OneDrive\Desktop\git_project\Data\Raw_Data\LaLiga\metadata_laliga_1617.csv
2025-09-30 11:50:45,467 - INFO - Loaded file: C:\Users\davro\OneDrive\Desktop\git_project\Data\Raw_Data\LaLiga\metadata_laliga_1718.csv
2025-09-30 11:50:45,471 - INFO - Loaded file: C:\Users\davro\OneDrive\Desktop\git_project\Data\Raw_Data\LaLiga\metadata_laliga_1819.csv
2025-09-30 11:50:45,476 - INFO - Loaded file: C:\Users\davro\OneDrive\Desktop\git_project\Data\Raw_Data\LaLiga\metadata_laliga_1920.csv
2025-09-30 11:50:45,481 - INFO - Loaded file: C:\Users\davro\OneDrive\Desktop\git_project\Data\Raw_Data\LaLiga\metadata_laliga_2021.csv
2025-09-30 11:50:45,485 - INFO - Loaded file: C:\Users\davro\OneDrive\Desktop\git_project\Data\Raw_Data\LaLiga\metadata_laliga_2122.csv
2025-09-30 11:50:45,490 - INFO - Loaded file: C:\Users\davro\OneDrive\Desktop\git_project\Data\Raw_Data\League1\metadata_ligue1_1415_.csv
2025-09-30 11:50:45,493 - INFO - Loaded file: C:\Users\davro\OneDrive\Desktop\git_project\Data\Raw_Data\League1\metadata_ligue1_1516.csv
2025-09-30 11:50:45,499 - INFO - Loaded file: C:\Users\davro\OneDrive\Desktop\git_project\Data\Raw_Data\League1\metadata_ligue1_1617.csv
2025-09-30 11:50:45,504 - INFO - Loaded file: C:\Users\davro\OneDrive\Desktop\git_project\Data\Raw_Data\League1\metadata_ligue1_1718.csv
2025-09-30 11:50:45,504 - INFO - Loaded file: C:\Users\davro\OneDrive\Desktop\git_project\Data\Raw_Data\League1\metadata_ligue1_1819.csv
2025-09-30 11:50:45,514 - INFO - Loaded file: C:\Users\davro\OneDrive\Desktop\git_project\Data\Raw_Data\League1\metadata_ligue1_1920.csv
2025-09-30 11:50:45,517 - INFO - Loaded file: C:\Users\davro\OneDrive\Desktop\git_project\Data\Raw_Data\League1\metadata_ligue1_2021.csv
2025-09-30 11:50:45,520 - INFO - Loaded file: C:\Users\davro\OneDrive\Desktop\git_project\Data\Raw_Data\League1\metadata_ligue1_2122.csv
2025-09-30 11:50:45,522 - INFO - Loaded file: C:\Users\davro\OneDrive\Desktop\git_project\Data\Raw_Data\PremierLeague\metadata_premier_league_1415.csv
2025-09-30 11:50:45,525 - INFO - Loaded file: C:\Users\davro\OneDrive\Desktop\git_project\Data\Raw_Data\PremierLeague\metadata_premier_league_1516.csv
2025-09-30 11:50:45,527 - INFO - Loaded file: C:\Users\davro\OneDrive\Desktop\git_project\Data\Raw_Data\PremierLeague\metadata_premier_league_1617.csv
2025-09-30 11:50:45,529 - INFO - Loaded file: C:\Users\davro\OneDrive\Desktop\git_project\Data\Raw_Data\PremierLeague\metadata_premier_league_1718.csv
2025-09-30 11:50:45,532 - INFO - Loaded file: C:\Users\davro\OneDrive\Desktop\git_project\Data\Raw_Data\PremierLeague\metadata_premier_league_1819.csv
2025-09-30 11:50:45,535 - INFO - Loaded file: C:\Users\davro\OneDrive\Desktop\git_project\Data\Raw_Data\PremierLeague\metadata_premier_league_1920.csv
2025-09-30 11:50:45,536 - INFO - Loaded file: C:\Users\davro\OneDrive\Desktop\git_project\Data\Raw_Data\PremierLeague\metadata_premier_league_2021.csv
2025-09-30 11:50:45,536 - INFO - Loaded file: C:\Users\davro\OneDrive\Desktop\git_project\Data\Raw_Data\PremierLeague\metadata_premier_league_2122.csv
2025-09-30 11:50:45,536 - INFO - Data loaded successfully. Shape: (20926, 20)
2025-09-30 11:50:45,545 - INFO - Datasets loaded successfully. Shape: (20926, 20)
2025-09-30 11:50:45,545 - INFO - Preprocesser uchun pipeline yaratilindi. Shape: %s
2025-09-30 11:51:40,989 - INFO - Loaded file: C:\Users\davro\OneDrive\Desktop\git_project\Data\Raw_Data\ASerie\metadata_serie_a_1415.csv
2025-09-30 11:51:40,993 - INFO - Loaded file: C:\Users\davro\OneDrive\Desktop\git_project\Data\Raw_Data\ASerie\metadata_serie_a_1516.csv
2025-09-30 11:51:40,997 - INFO - Loaded file: C:\Users\davro\OneDrive\Desktop\git_project\Data\Raw_Data\ASerie\metadata_serie_a_1617.csv
2025-09-30 11:51:41,000 - INFO - Loaded file: C:\Users\davro\OneDrive\Desktop\git_project\Data\Raw_Data\ASerie\metadata_serie_a_1718.csv
2025-09-30 11:51:41,002 - INFO - Loaded file: C:\Users\davro\OneDrive\Desktop\git_project\Data\Raw_Data\ASerie\metadata_serie_a_1819.csv
2025-09-30 11:51:41,002 - INFO - Loaded file: C:\Users\davro\OneDrive\Desktop\git_project\Data\Raw_Data\ASerie\metadata_serie_a_1920.csv
2025-09-30 11:51:41,002 - INFO - Loaded file: C:\Users\davro\OneDrive\Desktop\git_project\Data\Raw_Data\ASerie\metadata_serie_a_2021.csv
2025-09-30 11:51:41,019 - INFO - Loaded file: C:\Users\davro\OneDrive\Desktop\git_project\Data\Raw_Data\ASerie\metadata_serie_a_2122.csv
2025-09-30 11:51:41,023 - INFO - Loaded file: C:\Users\davro\OneDrive\Desktop\git_project\Data\Raw_Data\BundesLiga\metadata_bundesliga_1415.csv
2025-09-30 11:51:41,027 - INFO - Loaded file: C:\Users\davro\OneDrive\Desktop\git_project\Data\Raw_Data\BundesLiga\metadata_bundesliga_1516.csv
2025-09-30 11:51:41,030 - INFO - Loaded file: C:\Users\davro\OneDrive\Desktop\git_project\Data\Raw_Data\BundesLiga\metadata_bundesliga_1617.csv
2025-09-30 11:51:41,032 - INFO - Loaded file: C:\Users\davro\OneDrive\Desktop\git_project\Data\Raw_Data\BundesLiga\metadata_bundesliga_1718.csv
2025-09-30 11:51:41,035 - INFO - Loaded file: C:\Users\davro\OneDrive\Desktop\git_project\Data\Raw_Data\BundesLiga\metadata_bundesliga_1819.csv
2025-09-30 11:51:41,038 - INFO - Loaded file: C:\Users\davro\OneDrive\Desktop\git_project\Data\Raw_Data\BundesLiga\metadata_bundesliga_1920.csv
2025-09-30 11:51:41,038 - INFO - Loaded file: C:\Users\davro\OneDrive\Desktop\git_project\Data\Raw_Data\BundesLiga\metadata_bundesliga_2021.csv
2025-09-30 11:51:41,038 - INFO - Loaded file: C:\Users\davro\OneDrive\Desktop\git_project\Data\Raw_Data\BundesLiga\metadata_bundesliga_2122.csv
2025-09-30 11:51:41,038 - INFO - Loaded file: C:\Users\davro\OneDrive\Desktop\git_project\Data\Raw_Data\LaLiga\metadata_laliga_1415.csv
2025-09-30 11:51:41,038 - INFO - Loaded file: C:\Users\davro\OneDrive\Desktop\git_project\Data\Raw_Data\LaLiga\metadata_laliga_1516.csv
2025-09-30 11:51:41,052 - INFO - Loaded file: C:\Users\davro\OneDrive\Desktop\git_project\Data\Raw_Data\LaLiga\metadata_laliga_1617.csv
2025-09-30 11:51:41,057 - INFO - Loaded file: C:\Users\davro\OneDrive\Desktop\git_project\Data\Raw_Data\LaLiga\metadata_laliga_1718.csv
2025-09-30 11:51:41,060 - INFO - Loaded file: C:\Users\davro\OneDrive\Desktop\git_project\Data\Raw_Data\LaLiga\metadata_laliga_1819.csv
2025-09-30 11:51:41,062 - INFO - Loaded file: C:\Users\davro\OneDrive\Desktop\git_project\Data\Raw_Data\LaLiga\metadata_laliga_1920.csv
2025-09-30 11:51:41,065 - INFO - Loaded file: C:\Users\davro\OneDrive\Desktop\git_project\Data\Raw_Data\LaLiga\metadata_laliga_2021.csv
2025-09-30 11:51:41,068 - INFO - Loaded file: C:\Users\davro\OneDrive\Desktop\git_project\Data\Raw_Data\LaLiga\metadata_laliga_2122.csv
2025-09-30 11:51:41,071 - INFO - Loaded file: C:\Users\davro\OneDrive\Desktop\git_project\Data\Raw_Data\League1\metadata_ligue1_1415_.csv
2025-09-30 11:51:41,073 - INFO - Loaded file: C:\Users\davro\OneDrive\Desktop\git_project\Data\Raw_Data\League1\metadata_ligue1_1516.csv
2025-09-30 11:51:41,073 - INFO - Loaded file: C:\Users\davro\OneDrive\Desktop\git_project\Data\Raw_Data\League1\metadata_ligue1_1617.csv
2025-09-30 11:51:41,073 - INFO - Loaded file: C:\Users\davro\OneDrive\Desktop\git_project\Data\Raw_Data\League1\metadata_ligue1_1718.csv
2025-09-30 11:51:41,083 - INFO - Loaded file: C:\Users\davro\OneDrive\Desktop\git_project\Data\Raw_Data\League1\metadata_ligue1_1819.csv
2025-09-30 11:51:41,086 - INFO - Loaded file: C:\Users\davro\OneDrive\Desktop\git_project\Data\Raw_Data\League1\metadata_ligue1_1920.csv
2025-09-30 11:51:41,089 - INFO - Loaded file: C:\Users\davro\OneDrive\Desktop\git_project\Data\Raw_Data\League1\metadata_ligue1_2021.csv
2025-09-30 11:51:41,092 - INFO - Loaded file: C:\Users\davro\OneDrive\Desktop\git_project\Data\Raw_Data\League1\metadata_ligue1_2122.csv
2025-09-30 11:51:41,095 - INFO - Loaded file: C:\Users\davro\OneDrive\Desktop\git_project\Data\Raw_Data\PremierLeague\metadata_premier_league_1415.csv
2025-09-30 11:51:41,097 - INFO - Loaded file: C:\Users\davro\OneDrive\Desktop\git_project\Data\Raw_Data\PremierLeague\metadata_premier_league_1516.csv
2025-09-30 11:51:41,100 - INFO - Loaded file: C:\Users\davro\OneDrive\Desktop\git_project\Data\Raw_Data\PremierLeague\metadata_premier_league_1617.csv
2025-09-30 11:51:41,100 - INFO - Loaded file: C:\Users\davro\OneDrive\Desktop\git_project\Data\Raw_Data\PremierLeague\metadata_premier_league_1718.csv
2025-09-30 11:51:41,100 - INFO - Loaded file: C:\Users\davro\OneDrive\Desktop\git_project\Data\Raw_Data\PremierLeague\metadata_premier_league_1819.csv
2025-09-30 11:51:41,100 - INFO - Loaded file: C:\Users\davro\OneDrive\Desktop\git_project\Data\Raw_Data\PremierLeague\metadata_premier_league_1920.csv
2025-09-30 11:51:41,100 - INFO - Loaded file: C:\Users\davro\OneDrive\Desktop\git_project\Data\Raw_Data\PremierLeague\metadata_premier_league_2021.csv
2025-09-30 11:51:41,100 - INFO - Loaded file: C:\Users\davro\OneDrive\Desktop\git_project\Data\Raw_Data\PremierLeague\metadata_premier_league_2122.csv
2025-09-30 11:51:41,120 - INFO - Data loaded successfully. Shape: (20926, 20)
2025-09-30 11:51:41,121 - INFO - Datasets loaded successfully. Shape: (20926, 20)
2025-09-30 11:51:41,121 - INFO - Preprocesser uchun pipeline yaratilindi. Shape: %s
2025-09-30 11:51:41,183 - INFO - Preprocesser pipeline yordamida bajarilindi. Shape: %s
