2025-09-30 19:46:39,996 - INFO - Loaded file: C:\Users\davro\OneDrive\Desktop\git_project\Data\Raw_Data\ASerie\metadata_serie_a_1415.csv
2025-09-30 19:46:40,012 - INFO - Loaded file: C:\Users\davro\OneDrive\Desktop\git_project\Data\Raw_Data\ASerie\metadata_serie_a_1516.csv
2025-09-30 19:46:40,027 - INFO - Loaded file: C:\Users\davro\OneDrive\Desktop\git_project\Data\Raw_Data\ASerie\metadata_serie_a_1617.csv
2025-09-30 19:46:40,042 - INFO - Loaded file: C:\Users\davro\OneDrive\Desktop\git_project\Data\Raw_Data\ASerie\metadata_serie_a_1718.csv
2025-09-30 19:46:40,056 - INFO - Loaded file: C:\Users\davro\OneDrive\Desktop\git_project\Data\Raw_Data\ASerie\metadata_serie_a_1819.csv
2025-09-30 19:46:40,068 - INFO - Loaded file: C:\Users\davro\OneDrive\Desktop\git_project\Data\Raw_Data\ASerie\metadata_serie_a_1920.csv
2025-09-30 19:46:40,095 - INFO - Loaded file: C:\Users\davro\OneDrive\Desktop\git_project\Data\Raw_Data\ASerie\metadata_serie_a_2021.csv
2025-09-30 19:46:40,108 - INFO - Loaded file: C:\Users\davro\OneDrive\Desktop\git_project\Data\Raw_Data\ASerie\metadata_serie_a_2122.csv
2025-09-30 19:46:40,122 - INFO - Loaded file: C:\Users\davro\OneDrive\Desktop\git_project\Data\Raw_Data\BundesLiga\metadata_bundesliga_1415.csv
2025-09-30 19:46:40,134 - INFO - Loaded file: C:\Users\davro\OneDrive\Desktop\git_project\Data\Raw_Data\BundesLiga\metadata_bundesliga_1516.csv
2025-09-30 19:46:40,147 - INFO - Loaded file: C:\Users\davro\OneDrive\Desktop\git_project\Data\Raw_Data\BundesLiga\metadata_bundesliga_1617.csv
2025-09-30 19:46:40,161 - INFO - Loaded file: C:\Users\davro\OneDrive\Desktop\git_project\Data\Raw_Data\BundesLiga\metadata_bundesliga_1718.csv
2025-09-30 19:46:40,174 - INFO - Loaded file: C:\Users\davro\OneDrive\Desktop\git_project\Data\Raw_Data\BundesLiga\metadata_bundesliga_1819.csv
2025-09-30 19:46:40,186 - INFO - Loaded file: C:\Users\davro\OneDrive\Desktop\git_project\Data\Raw_Data\BundesLiga\metadata_bundesliga_1920.csv
2025-09-30 19:46:40,200 - INFO - Loaded file: C:\Users\davro\OneDrive\Desktop\git_project\Data\Raw_Data\BundesLiga\metadata_bundesliga_2021.csv
2025-09-30 19:46:40,213 - INFO - Loaded file: C:\Users\davro\OneDrive\Desktop\git_project\Data\Raw_Data\BundesLiga\metadata_bundesliga_2122.csv
2025-09-30 19:46:40,225 - INFO - Loaded file: C:\Users\davro\OneDrive\Desktop\git_project\Data\Raw_Data\LaLiga\metadata_laliga_1415.csv
2025-09-30 19:46:40,237 - INFO - Loaded file: C:\Users\davro\OneDrive\Desktop\git_project\Data\Raw_Data\LaLiga\metadata_laliga_1516.csv
2025-09-30 19:46:40,250 - INFO - Loaded file: C:\Users\davro\OneDrive\Desktop\git_project\Data\Raw_Data\LaLiga\metadata_laliga_1617.csv
2025-09-30 19:46:40,263 - INFO - Loaded file: C:\Users\davro\OneDrive\Desktop\git_project\Data\Raw_Data\LaLiga\metadata_laliga_1718.csv
2025-09-30 19:46:40,269 - INFO - Loaded file: C:\Users\davro\OneDrive\Desktop\git_project\Data\Raw_Data\LaLiga\metadata_laliga_1819.csv
2025-09-30 19:46:40,289 - INFO - Loaded file: C:\Users\davro\OneDrive\Desktop\git_project\Data\Raw_Data\LaLiga\metadata_laliga_1920.csv
2025-09-30 19:46:40,303 - INFO - Loaded file: C:\Users\davro\OneDrive\Desktop\git_project\Data\Raw_Data\LaLiga\metadata_laliga_2021.csv
2025-09-30 19:46:40,315 - INFO - Loaded file: C:\Users\davro\OneDrive\Desktop\git_project\Data\Raw_Data\LaLiga\metadata_laliga_2122.csv
2025-09-30 19:46:40,350 - INFO - Loaded file: C:\Users\davro\OneDrive\Desktop\git_project\Data\Raw_Data\League1\metadata_ligue1_1415_.csv
2025-09-30 19:46:40,363 - INFO - Loaded file: C:\Users\davro\OneDrive\Desktop\git_project\Data\Raw_Data\League1\metadata_ligue1_1516.csv
2025-09-30 19:46:40,369 - INFO - Loaded file: C:\Users\davro\OneDrive\Desktop\git_project\Data\Raw_Data\League1\metadata_ligue1_1617.csv
2025-09-30 19:46:40,389 - INFO - Loaded file: C:\Users\davro\OneDrive\Desktop\git_project\Data\Raw_Data\League1\metadata_ligue1_1718.csv
2025-09-30 19:46:40,403 - INFO - Loaded file: C:\Users\davro\OneDrive\Desktop\git_project\Data\Raw_Data\League1\metadata_ligue1_1819.csv
2025-09-30 19:46:40,415 - INFO - Loaded file: C:\Users\davro\OneDrive\Desktop\git_project\Data\Raw_Data\League1\metadata_ligue1_1920.csv
2025-09-30 19:46:40,420 - INFO - Loaded file: C:\Users\davro\OneDrive\Desktop\git_project\Data\Raw_Data\League1\metadata_ligue1_2021.csv
2025-09-30 19:46:40,440 - INFO - Loaded file: C:\Users\davro\OneDrive\Desktop\git_project\Data\Raw_Data\League1\metadata_ligue1_2122.csv
2025-09-30 19:46:40,454 - INFO - Loaded file: C:\Users\davro\OneDrive\Desktop\git_project\Data\Raw_Data\PremierLeague\metadata_premier_league_1415.csv
2025-09-30 19:46:40,467 - INFO - Loaded file: C:\Users\davro\OneDrive\Desktop\git_project\Data\Raw_Data\PremierLeague\metadata_premier_league_1516.csv
2025-09-30 19:46:40,475 - INFO - Loaded file: C:\Users\davro\OneDrive\Desktop\git_project\Data\Raw_Data\PremierLeague\metadata_premier_league_1617.csv
2025-09-30 19:46:40,488 - INFO - Loaded file: C:\Users\davro\OneDrive\Desktop\git_project\Data\Raw_Data\PremierLeague\metadata_premier_league_1718.csv
2025-09-30 19:46:40,506 - INFO - Loaded file: C:\Users\davro\OneDrive\Desktop\git_project\Data\Raw_Data\PremierLeague\metadata_premier_league_1819.csv
2025-09-30 19:46:40,519 - INFO - Loaded file: C:\Users\davro\OneDrive\Desktop\git_project\Data\Raw_Data\PremierLeague\metadata_premier_league_1920.csv
2025-09-30 19:46:40,520 - INFO - Loaded file: C:\Users\davro\OneDrive\Desktop\git_project\Data\Raw_Data\PremierLeague\metadata_premier_league_2021.csv
2025-09-30 19:46:40,537 - INFO - Loaded file: C:\Users\davro\OneDrive\Desktop\git_project\Data\Raw_Data\PremierLeague\metadata_premier_league_2122.csv
2025-09-30 19:46:40,550 - INFO - Data loaded successfully. Shape: (20926, 20)
2025-09-30 19:46:40,550 - INFO - Datasets loaded successfully. Shape: (20926, 20)
2025-09-30 19:47:41,385 - INFO - Loaded file: C:\Users\davro\OneDrive\Desktop\git_project\Data\Raw_Data\ASerie\metadata_serie_a_1415.csv
2025-09-30 19:47:41,389 - INFO - Loaded file: C:\Users\davro\OneDrive\Desktop\git_project\Data\Raw_Data\ASerie\metadata_serie_a_1516.csv
2025-09-30 19:47:41,394 - INFO - Loaded file: C:\Users\davro\OneDrive\Desktop\git_project\Data\Raw_Data\ASerie\metadata_serie_a_1617.csv
2025-09-30 19:47:41,399 - INFO - Loaded file: C:\Users\davro\OneDrive\Desktop\git_project\Data\Raw_Data\ASerie\metadata_serie_a_1718.csv
2025-09-30 19:47:41,403 - INFO - Loaded file: C:\Users\davro\OneDrive\Desktop\git_project\Data\Raw_Data\ASerie\metadata_serie_a_1819.csv
2025-09-30 19:47:41,406 - INFO - Loaded file: C:\Users\davro\OneDrive\Desktop\git_project\Data\Raw_Data\ASerie\metadata_serie_a_1920.csv
2025-09-30 19:47:41,411 - INFO - Loaded file: C:\Users\davro\OneDrive\Desktop\git_project\Data\Raw_Data\ASerie\metadata_serie_a_2021.csv
2025-09-30 19:47:41,414 - INFO - Loaded file: C:\Users\davro\OneDrive\Desktop\git_project\Data\Raw_Data\ASerie\metadata_serie_a_2122.csv
2025-09-30 19:47:41,414 - INFO - Loaded file: C:\Users\davro\OneDrive\Desktop\git_project\Data\Raw_Data\BundesLiga\metadata_bundesliga_1415.csv
2025-09-30 19:47:41,414 - INFO - Loaded file: C:\Users\davro\OneDrive\Desktop\git_project\Data\Raw_Data\BundesLiga\metadata_bundesliga_1516.csv
2025-09-30 19:47:41,424 - INFO - Loaded file: C:\Users\davro\OneDrive\Desktop\git_project\Data\Raw_Data\BundesLiga\metadata_bundesliga_1617.csv
2025-09-30 19:47:41,428 - INFO - Loaded file: C:\Users\davro\OneDrive\Desktop\git_project\Data\Raw_Data\BundesLiga\metadata_bundesliga_1718.csv
2025-09-30 19:47:41,430 - INFO - Loaded file: C:\Users\davro\OneDrive\Desktop\git_project\Data\Raw_Data\BundesLiga\metadata_bundesliga_1819.csv
2025-09-30 19:47:41,433 - INFO - Loaded file: C:\Users\davro\OneDrive\Desktop\git_project\Data\Raw_Data\BundesLiga\metadata_bundesliga_1920.csv
2025-09-30 19:47:41,435 - INFO - Loaded file: C:\Users\davro\OneDrive\Desktop\git_project\Data\Raw_Data\BundesLiga\metadata_bundesliga_2021.csv
2025-09-30 19:47:41,437 - INFO - Loaded file: C:\Users\davro\OneDrive\Desktop\git_project\Data\Raw_Data\BundesLiga\metadata_bundesliga_2122.csv
2025-09-30 19:47:41,440 - INFO - Loaded file: C:\Users\davro\OneDrive\Desktop\git_project\Data\Raw_Data\LaLiga\metadata_laliga_1415.csv
2025-09-30 19:47:41,443 - INFO - Loaded file: C:\Users\davro\OneDrive\Desktop\git_project\Data\Raw_Data\LaLiga\metadata_laliga_1516.csv
2025-09-30 19:47:41,444 - INFO - Loaded file: C:\Users\davro\OneDrive\Desktop\git_project\Data\Raw_Data\LaLiga\metadata_laliga_1617.csv
2025-09-30 19:47:41,444 - INFO - Loaded file: C:\Users\davro\OneDrive\Desktop\git_project\Data\Raw_Data\LaLiga\metadata_laliga_1718.csv
2025-09-30 19:47:41,444 - INFO - Loaded file: C:\Users\davro\OneDrive\Desktop\git_project\Data\Raw_Data\LaLiga\metadata_laliga_1819.csv
2025-09-30 19:47:41,444 - INFO - Loaded file: C:\Users\davro\OneDrive\Desktop\git_project\Data\Raw_Data\LaLiga\metadata_laliga_1920.csv
2025-09-30 19:47:41,457 - INFO - Loaded file: C:\Users\davro\OneDrive\Desktop\git_project\Data\Raw_Data\LaLiga\metadata_laliga_2021.csv
2025-09-30 19:47:41,457 - INFO - Loaded file: C:\Users\davro\OneDrive\Desktop\git_project\Data\Raw_Data\LaLiga\metadata_laliga_2122.csv
2025-09-30 19:47:41,457 - INFO - Loaded file: C:\Users\davro\OneDrive\Desktop\git_project\Data\Raw_Data\League1\metadata_ligue1_1415_.csv
2025-09-30 19:47:41,457 - INFO - Loaded file: C:\Users\davro\OneDrive\Desktop\git_project\Data\Raw_Data\League1\metadata_ligue1_1516.csv
2025-09-30 19:47:41,457 - INFO - Loaded file: C:\Users\davro\OneDrive\Desktop\git_project\Data\Raw_Data\League1\metadata_ligue1_1617.csv
2025-09-30 19:47:41,457 - INFO - Loaded file: C:\Users\davro\OneDrive\Desktop\git_project\Data\Raw_Data\League1\metadata_ligue1_1718.csv
2025-09-30 19:47:41,470 - INFO - Loaded file: C:\Users\davro\OneDrive\Desktop\git_project\Data\Raw_Data\League1\metadata_ligue1_1819.csv
2025-09-30 19:47:41,474 - INFO - Loaded file: C:\Users\davro\OneDrive\Desktop\git_project\Data\Raw_Data\League1\metadata_ligue1_1920.csv
2025-09-30 19:47:41,477 - INFO - Loaded file: C:\Users\davro\OneDrive\Desktop\git_project\Data\Raw_Data\League1\metadata_ligue1_2021.csv
2025-09-30 19:47:41,480 - INFO - Loaded file: C:\Users\davro\OneDrive\Desktop\git_project\Data\Raw_Data\League1\metadata_ligue1_2122.csv
2025-09-30 19:47:41,482 - INFO - Loaded file: C:\Users\davro\OneDrive\Desktop\git_project\Data\Raw_Data\PremierLeague\metadata_premier_league_1415.csv
2025-09-30 19:47:41,485 - INFO - Loaded file: C:\Users\davro\OneDrive\Desktop\git_project\Data\Raw_Data\PremierLeague\metadata_premier_league_1516.csv
2025-09-30 19:47:41,487 - INFO - Loaded file: C:\Users\davro\OneDrive\Desktop\git_project\Data\Raw_Data\PremierLeague\metadata_premier_league_1617.csv
2025-09-30 19:47:41,489 - INFO - Loaded file: C:\Users\davro\OneDrive\Desktop\git_project\Data\Raw_Data\PremierLeague\metadata_premier_league_1718.csv
2025-09-30 19:47:41,491 - INFO - Loaded file: C:\Users\davro\OneDrive\Desktop\git_project\Data\Raw_Data\PremierLeague\metadata_premier_league_1819.csv
2025-09-30 19:47:41,493 - INFO - Loaded file: C:\Users\davro\OneDrive\Desktop\git_project\Data\Raw_Data\PremierLeague\metadata_premier_league_1920.csv
2025-09-30 19:47:41,495 - INFO - Loaded file: C:\Users\davro\OneDrive\Desktop\git_project\Data\Raw_Data\PremierLeague\metadata_premier_league_2021.csv
2025-09-30 19:47:41,497 - INFO - Loaded file: C:\Users\davro\OneDrive\Desktop\git_project\Data\Raw_Data\PremierLeague\metadata_premier_league_2122.csv
2025-09-30 19:47:41,501 - INFO - Data loaded successfully. Shape: (20926, 20)
2025-09-30 19:47:41,502 - INFO - Datasets loaded successfully. Shape: (20926, 20)
2025-09-30 19:56:14,259 - INFO - Model Linear Regression Algorithmi orqali trained qilindi
2025-09-30 19:56:48,276 - INFO - Model Linear Regression Algorithmi orqali trained qilindi,modelning aniqlik natijasi:0.9973192051582175 ga teng
